Analysis & Synthesis report for ALU
Thu Apr 30 10:56:45 2020
Quartus Prime Version 19.1.0 Build 670 09/22/2019 SJ Lite Edition


---------------------
; Table of Contents ;
---------------------
  1. Legal Notice
  2. Analysis & Synthesis Summary
  3. Analysis & Synthesis Settings
  4. Parallel Compilation
  5. Analysis & Synthesis Source Files Read
  6. Analysis & Synthesis Resource Usage Summary
  7. Analysis & Synthesis Resource Utilization by Entity
  8. General Register Statistics
  9. Multiplexer Restructuring Statistics (Restructuring Performed)
 10. Parameter Settings for User Entity Instance: Top-level Entity: |unidad_logico_aritmetica
 11. Parameter Settings for User Entity Instance: compuerta_and:And
 12. Parameter Settings for User Entity Instance: compuerta_or:Or
 13. Parameter Settings for User Entity Instance: compuerta_xor:Xor
 14. Parameter Settings for User Entity Instance: compuerta_not:Not
 15. Parameter Settings for User Entity Instance: correr_derecha_logico:RAShiftL
 16. Parameter Settings for User Entity Instance: correr_izquierda_logico:LAShiftL
 17. Parameter Settings for User Entity Instance: correr_derecha_logico:RBShiftL
 18. Parameter Settings for User Entity Instance: correr_izquierda_logico:LBShiftL
 19. Parameter Settings for User Entity Instance: mux3a8:MuxL
 20. Parameter Settings for User Entity Instance: sumador:Add
 21. Parameter Settings for User Entity Instance: restador:Minus
 22. Parameter Settings for User Entity Instance: correr_derecha_aritmetico:RAShiftA
 23. Parameter Settings for User Entity Instance: correr_izquierda_aritmetico:LAShiftA
 24. Parameter Settings for User Entity Instance: correr_derecha_aritmetico:RBShiftA
 25. Parameter Settings for User Entity Instance: correr_izquierda_aritmetico:LBShiftA
 26. Parameter Settings for User Entity Instance: mux3a8:MuxA
 27. Parameter Settings for User Entity Instance: mux1a2:MuxR
 28. Parameter Settings for User Entity Instance: flag_negativo:Fnegativo
 29. Parameter Settings for User Entity Instance: flag_cero:FCero
 30. Parameter Settings for User Entity Instance: flag_overflow:FOverflow
 31. Parameter Settings for User Entity Instance: flag_carry:FCarry
 32. Port Connectivity Checks: "mux3a8:MuxA"
 33. Port Connectivity Checks: "sumador:Add"
 34. Post-Synthesis Netlist Statistics for Top Partition
 35. Elapsed Time Per Partition
 36. Analysis & Synthesis Messages



----------------
; Legal Notice ;
----------------
Copyright (C) 2019  Intel Corporation. All rights reserved.
Your use of Intel Corporation's design tools, logic functions 
and other software and tools, and any partner logic 
functions, and any output files from any of the foregoing 
(including device programming or simulation files), and any 
associated documentation or information are expressly subject 
to the terms and conditions of the Intel Program License 
Subscription Agreement, the Intel Quartus Prime License Agreement,
the Intel FPGA IP License Agreement, or other applicable license
agreement, including, without limitation, that your use is for
the sole purpose of programming logic devices manufactured by
Intel and sold by Intel or its authorized distributors.  Please
refer to the applicable agreement for further details, at
https://fpgasoftware.intel.com/eula.



+-------------------------------------------------------------------------------+
; Analysis & Synthesis Summary                                                  ;
+---------------------------------+---------------------------------------------+
; Analysis & Synthesis Status     ; Successful - Thu Apr 30 10:56:45 2020       ;
; Quartus Prime Version           ; 19.1.0 Build 670 09/22/2019 SJ Lite Edition ;
; Revision Name                   ; ALU                                         ;
; Top-level Entity Name           ; unidad_logico_aritmetica                    ;
; Family                          ; Cyclone V                                   ;
; Logic utilization (in ALMs)     ; N/A                                         ;
; Total registers                 ; 0                                           ;
; Total pins                      ; 32                                          ;
; Total virtual pins              ; 0                                           ;
; Total block memory bits         ; 0                                           ;
; Total DSP Blocks                ; 0                                           ;
; Total HSSI RX PCSs              ; 0                                           ;
; Total HSSI PMA RX Deserializers ; 0                                           ;
; Total HSSI TX PCSs              ; 0                                           ;
; Total HSSI PMA TX Serializers   ; 0                                           ;
; Total PLLs                      ; 0                                           ;
; Total DLLs                      ; 0                                           ;
+---------------------------------+---------------------------------------------+


+---------------------------------------------------------------------------------------------------------------------------------+
; Analysis & Synthesis Settings                                                                                                   ;
+---------------------------------------------------------------------------------+--------------------------+--------------------+
; Option                                                                          ; Setting                  ; Default Value      ;
+---------------------------------------------------------------------------------+--------------------------+--------------------+
; Device                                                                          ; 5CGXFC7C7F23C8           ;                    ;
; Top-level entity name                                                           ; unidad_logico_aritmetica ; ALU                ;
; Family name                                                                     ; Cyclone V                ; Cyclone V          ;
; Use smart compilation                                                           ; Off                      ; Off                ;
; Enable parallel Assembler and Timing Analyzer during compilation                ; On                       ; On                 ;
; Enable compact report table                                                     ; Off                      ; Off                ;
; Restructure Multiplexers                                                        ; Auto                     ; Auto               ;
; MLAB Add Timing Constraints For Mixed-Port Feed-Through Mode Setting Don't Care ; Off                      ; Off                ;
; Create Debugging Nodes for IP Cores                                             ; Off                      ; Off                ;
; Preserve fewer node names                                                       ; On                       ; On                 ;
; Intel FPGA IP Evaluation Mode                                                   ; Enable                   ; Enable             ;
; Verilog Version                                                                 ; Verilog_2001             ; Verilog_2001       ;
; VHDL Version                                                                    ; VHDL_1993                ; VHDL_1993          ;
; State Machine Processing                                                        ; Auto                     ; Auto               ;
; Safe State Machine                                                              ; Off                      ; Off                ;
; Extract Verilog State Machines                                                  ; On                       ; On                 ;
; Extract VHDL State Machines                                                     ; On                       ; On                 ;
; Ignore Verilog initial constructs                                               ; Off                      ; Off                ;
; Iteration limit for constant Verilog loops                                      ; 5000                     ; 5000               ;
; Iteration limit for non-constant Verilog loops                                  ; 250                      ; 250                ;
; Add Pass-Through Logic to Inferred RAMs                                         ; On                       ; On                 ;
; Infer RAMs from Raw Logic                                                       ; On                       ; On                 ;
; Parallel Synthesis                                                              ; On                       ; On                 ;
; DSP Block Balancing                                                             ; Auto                     ; Auto               ;
; NOT Gate Push-Back                                                              ; On                       ; On                 ;
; Power-Up Don't Care                                                             ; On                       ; On                 ;
; Remove Redundant Logic Cells                                                    ; Off                      ; Off                ;
; Remove Duplicate Registers                                                      ; On                       ; On                 ;
; Ignore CARRY Buffers                                                            ; Off                      ; Off                ;
; Ignore CASCADE Buffers                                                          ; Off                      ; Off                ;
; Ignore GLOBAL Buffers                                                           ; Off                      ; Off                ;
; Ignore ROW GLOBAL Buffers                                                       ; Off                      ; Off                ;
; Ignore LCELL Buffers                                                            ; Off                      ; Off                ;
; Ignore SOFT Buffers                                                             ; On                       ; On                 ;
; Limit AHDL Integers to 32 Bits                                                  ; Off                      ; Off                ;
; Optimization Technique                                                          ; Balanced                 ; Balanced           ;
; Carry Chain Length                                                              ; 70                       ; 70                 ;
; Auto Carry Chains                                                               ; On                       ; On                 ;
; Auto Open-Drain Pins                                                            ; On                       ; On                 ;
; Perform WYSIWYG Primitive Resynthesis                                           ; Off                      ; Off                ;
; Auto ROM Replacement                                                            ; On                       ; On                 ;
; Auto RAM Replacement                                                            ; On                       ; On                 ;
; Auto DSP Block Replacement                                                      ; On                       ; On                 ;
; Auto Shift Register Replacement                                                 ; Auto                     ; Auto               ;
; Allow Shift Register Merging across Hierarchies                                 ; Auto                     ; Auto               ;
; Auto Clock Enable Replacement                                                   ; On                       ; On                 ;
; Strict RAM Replacement                                                          ; Off                      ; Off                ;
; Allow Synchronous Control Signals                                               ; On                       ; On                 ;
; Force Use of Synchronous Clear Signals                                          ; Off                      ; Off                ;
; Auto Resource Sharing                                                           ; Off                      ; Off                ;
; Allow Any RAM Size For Recognition                                              ; Off                      ; Off                ;
; Allow Any ROM Size For Recognition                                              ; Off                      ; Off                ;
; Allow Any Shift Register Size For Recognition                                   ; Off                      ; Off                ;
; Use LogicLock Constraints during Resource Balancing                             ; On                       ; On                 ;
; Ignore translate_off and synthesis_off directives                               ; Off                      ; Off                ;
; Timing-Driven Synthesis                                                         ; On                       ; On                 ;
; Report Parameter Settings                                                       ; On                       ; On                 ;
; Report Source Assignments                                                       ; On                       ; On                 ;
; Report Connectivity Checks                                                      ; On                       ; On                 ;
; Ignore Maximum Fan-Out Assignments                                              ; Off                      ; Off                ;
; Synchronization Register Chain Length                                           ; 3                        ; 3                  ;
; Power Optimization During Synthesis                                             ; Normal compilation       ; Normal compilation ;
; HDL message level                                                               ; Level2                   ; Level2             ;
; Suppress Register Optimization Related Messages                                 ; Off                      ; Off                ;
; Number of Removed Registers Reported in Synthesis Report                        ; 5000                     ; 5000               ;
; Number of Swept Nodes Reported in Synthesis Report                              ; 5000                     ; 5000               ;
; Number of Inverted Registers Reported in Synthesis Report                       ; 100                      ; 100                ;
; Clock MUX Protection                                                            ; On                       ; On                 ;
; Auto Gated Clock Conversion                                                     ; Off                      ; Off                ;
; Block Design Naming                                                             ; Auto                     ; Auto               ;
; SDC constraint protection                                                       ; Off                      ; Off                ;
; Synthesis Effort                                                                ; Auto                     ; Auto               ;
; Shift Register Replacement - Allow Asynchronous Clear Signal                    ; On                       ; On                 ;
; Pre-Mapping Resynthesis Optimization                                            ; Off                      ; Off                ;
; Analysis & Synthesis Message Level                                              ; Medium                   ; Medium             ;
; Disable Register Merging Across Hierarchies                                     ; Auto                     ; Auto               ;
; Resource Aware Inference For Block RAM                                          ; On                       ; On                 ;
; Automatic Parallel Synthesis                                                    ; On                       ; On                 ;
; Partial Reconfiguration Bitstream ID                                            ; Off                      ; Off                ;
+---------------------------------------------------------------------------------+--------------------------+--------------------+


+------------------------------------------+
; Parallel Compilation                     ;
+----------------------------+-------------+
; Processors                 ; Number      ;
+----------------------------+-------------+
; Number detected on machine ; 12          ;
; Maximum allowed            ; 6           ;
;                            ;             ;
; Average used               ; 1.00        ;
; Maximum used               ; 1           ;
;                            ;             ;
; Usage by Processor         ; % Time Used ;
;     Processor 1            ; 100.0%      ;
+----------------------------+-------------+


+----------------------------------------------------------------------------------------------------------------------------------------------------------------------------------------------------------------------------------------------------------------+
; Analysis & Synthesis Source Files Read                                                                                                                                                                                                                         ;
+-------------------------------------------------------+-----------------+------------------------------+---------------------------------------------------------------------------------------------------------------------------------------------+---------+
; File Name with User-Entered Path                      ; Used in Netlist ; File Type                    ; File Name with Absolute Path                                                                                                                ; Library ;
+-------------------------------------------------------+-----------------+------------------------------+---------------------------------------------------------------------------------------------------------------------------------------------+---------+
; OperacionesLogicas/compuerta_and.sv                   ; yes             ; User SystemVerilog HDL File  ; C:/Users/skryf/Documents/Taller de Diseno Digital/Laboratorio 3/TallerDiseno-LAB3/ALU/OperacionesLogicas/compuerta_and.sv                   ;         ;
; OperacionesLogicas/compuerta_not.sv                   ; yes             ; User SystemVerilog HDL File  ; C:/Users/skryf/Documents/Taller de Diseno Digital/Laboratorio 3/TallerDiseno-LAB3/ALU/OperacionesLogicas/compuerta_not.sv                   ;         ;
; OperacionesLogicas/compuerta_or.sv                    ; yes             ; User SystemVerilog HDL File  ; C:/Users/skryf/Documents/Taller de Diseno Digital/Laboratorio 3/TallerDiseno-LAB3/ALU/OperacionesLogicas/compuerta_or.sv                    ;         ;
; OperacionesLogicas/compuerta_xor.sv                   ; yes             ; User SystemVerilog HDL File  ; C:/Users/skryf/Documents/Taller de Diseno Digital/Laboratorio 3/TallerDiseno-LAB3/ALU/OperacionesLogicas/compuerta_xor.sv                   ;         ;
; Unidad/unidad_logico_aritmetica.sv                    ; yes             ; User SystemVerilog HDL File  ; C:/Users/skryf/Documents/Taller de Diseno Digital/Laboratorio 3/TallerDiseno-LAB3/ALU/Unidad/unidad_logico_aritmetica.sv                    ;         ;
; OperacionesAritmeticas/restador.sv                    ; yes             ; User SystemVerilog HDL File  ; C:/Users/skryf/Documents/Taller de Diseno Digital/Laboratorio 3/TallerDiseno-LAB3/ALU/OperacionesAritmeticas/restador.sv                    ;         ;
; OperacionesAritmeticas/sumador.sv                     ; yes             ; User SystemVerilog HDL File  ; C:/Users/skryf/Documents/Taller de Diseno Digital/Laboratorio 3/TallerDiseno-LAB3/ALU/OperacionesAritmeticas/sumador.sv                     ;         ;
; OperacionesLogicas/correr_derecha_logico.sv           ; yes             ; User SystemVerilog HDL File  ; C:/Users/skryf/Documents/Taller de Diseno Digital/Laboratorio 3/TallerDiseno-LAB3/ALU/OperacionesLogicas/correr_derecha_logico.sv           ;         ;
; OperacionesLogicas/correr_izquierda_logico.sv         ; yes             ; User SystemVerilog HDL File  ; C:/Users/skryf/Documents/Taller de Diseno Digital/Laboratorio 3/TallerDiseno-LAB3/ALU/OperacionesLogicas/correr_izquierda_logico.sv         ;         ;
; Unidad/mux3a8.sv                                      ; yes             ; User SystemVerilog HDL File  ; C:/Users/skryf/Documents/Taller de Diseno Digital/Laboratorio 3/TallerDiseno-LAB3/ALU/Unidad/mux3a8.sv                                      ;         ;
; Unidad/mux1a2.sv                                      ; yes             ; User SystemVerilog HDL File  ; C:/Users/skryf/Documents/Taller de Diseno Digital/Laboratorio 3/TallerDiseno-LAB3/ALU/Unidad/mux1a2.sv                                      ;         ;
; OperacionesAritmeticas/correr_derecha_aritmetico.sv   ; yes             ; User SystemVerilog HDL File  ; C:/Users/skryf/Documents/Taller de Diseno Digital/Laboratorio 3/TallerDiseno-LAB3/ALU/OperacionesAritmeticas/correr_derecha_aritmetico.sv   ;         ;
; OperacionesAritmeticas/correr_izquierda_aritmetico.sv ; yes             ; User SystemVerilog HDL File  ; C:/Users/skryf/Documents/Taller de Diseno Digital/Laboratorio 3/TallerDiseno-LAB3/ALU/OperacionesAritmeticas/correr_izquierda_aritmetico.sv ;         ;
; UnidadFlags/flag_negativo.sv                          ; yes             ; User SystemVerilog HDL File  ; C:/Users/skryf/Documents/Taller de Diseno Digital/Laboratorio 3/TallerDiseno-LAB3/ALU/UnidadFlags/flag_negativo.sv                          ;         ;
; UnidadFlags/flag_overflow.sv                          ; yes             ; User SystemVerilog HDL File  ; C:/Users/skryf/Documents/Taller de Diseno Digital/Laboratorio 3/TallerDiseno-LAB3/ALU/UnidadFlags/flag_overflow.sv                          ;         ;
; UnidadFlags/flag_carry.sv                             ; yes             ; User SystemVerilog HDL File  ; C:/Users/skryf/Documents/Taller de Diseno Digital/Laboratorio 3/TallerDiseno-LAB3/ALU/UnidadFlags/flag_carry.sv                             ;         ;
; UnidadFlags/flag_cero.sv                              ; yes             ; User SystemVerilog HDL File  ; C:/Users/skryf/Documents/Taller de Diseno Digital/Laboratorio 3/TallerDiseno-LAB3/ALU/UnidadFlags/flag_cero.sv                              ;         ;
+-------------------------------------------------------+-----------------+------------------------------+---------------------------------------------------------------------------------------------------------------------------------------------+---------+


+-------------------------------------------------------------------+
; Analysis & Synthesis Resource Usage Summary                       ;
+---------------------------------------------+---------------------+
; Resource                                    ; Usage               ;
+---------------------------------------------+---------------------+
; Estimate of Logic utilization (ALMs needed) ; 43                  ;
;                                             ;                     ;
; Combinational ALUT usage for logic          ; 73                  ;
;     -- 7 input functions                    ; 2                   ;
;     -- 6 input functions                    ; 11                  ;
;     -- 5 input functions                    ; 8                   ;
;     -- 4 input functions                    ; 16                  ;
;     -- <=3 input functions                  ; 36                  ;
;                                             ;                     ;
; Dedicated logic registers                   ; 0                   ;
;                                             ;                     ;
; I/O pins                                    ; 32                  ;
;                                             ;                     ;
; Total DSP Blocks                            ; 0                   ;
;                                             ;                     ;
; Maximum fan-out node                        ; ALUControl[0]~input ;
; Maximum fan-out                             ; 29                  ;
; Total fan-out                               ; 328                 ;
; Average fan-out                             ; 2.39                ;
+---------------------------------------------+---------------------+


+-------------------------------------------------------------------------------------------------------------------------------------------------------------------------------------------------------------------------------------+
; Analysis & Synthesis Resource Utilization by Entity                                                                                                                                                                                 ;
+------------------------------+---------------------+---------------------------+-------------------+------------+------+--------------+---------------------------------------------------+--------------------------+--------------+
; Compilation Hierarchy Node   ; Combinational ALUTs ; Dedicated Logic Registers ; Block Memory Bits ; DSP Blocks ; Pins ; Virtual Pins ; Full Hierarchy Name                               ; Entity Name              ; Library Name ;
+------------------------------+---------------------+---------------------------+-------------------+------------+------+--------------+---------------------------------------------------+--------------------------+--------------+
; |unidad_logico_aritmetica    ; 73 (0)              ; 0 (0)                     ; 0                 ; 0          ; 32   ; 0            ; |unidad_logico_aritmetica                         ; unidad_logico_aritmetica ; work         ;
;    |flag_carry:FCarry|       ; 2 (2)               ; 0 (0)                     ; 0                 ; 0          ; 0    ; 0            ; |unidad_logico_aritmetica|flag_carry:FCarry       ; flag_carry               ; work         ;
;    |flag_cero:FCero|         ; 4 (4)               ; 0 (0)                     ; 0                 ; 0          ; 0    ; 0            ; |unidad_logico_aritmetica|flag_cero:FCero         ; flag_cero                ; work         ;
;    |flag_negativo:Fnegativo| ; 3 (3)               ; 0 (0)                     ; 0                 ; 0          ; 0    ; 0            ; |unidad_logico_aritmetica|flag_negativo:Fnegativo ; flag_negativo            ; work         ;
;    |flag_overflow:FOverflow| ; 2 (2)               ; 0 (0)                     ; 0                 ; 0          ; 0    ; 0            ; |unidad_logico_aritmetica|flag_overflow:FOverflow ; flag_overflow            ; work         ;
;    |mux1a2:MuxR|             ; 39 (39)             ; 0 (0)                     ; 0                 ; 0          ; 0    ; 0            ; |unidad_logico_aritmetica|mux1a2:MuxR             ; mux1a2                   ; work         ;
;    |mux3a8:MuxL|             ; 5 (5)               ; 0 (0)                     ; 0                 ; 0          ; 0    ; 0            ; |unidad_logico_aritmetica|mux3a8:MuxL             ; mux3a8                   ; work         ;
;    |restador:Minus|          ; 9 (9)               ; 0 (0)                     ; 0                 ; 0          ; 0    ; 0            ; |unidad_logico_aritmetica|restador:Minus          ; restador                 ; work         ;
;    |sumador:Add|             ; 9 (9)               ; 0 (0)                     ; 0                 ; 0          ; 0    ; 0            ; |unidad_logico_aritmetica|sumador:Add             ; sumador                  ; work         ;
+------------------------------+---------------------+---------------------------+-------------------+------------+------+--------------+---------------------------------------------------+--------------------------+--------------+
Note: For table entries with two numbers listed, the numbers in parentheses indicate the number of resources of the given type used by the specific entity alone. The numbers listed outside of parentheses indicate the total resources of the given type used by the specific entity and all of its sub-entities in the hierarchy.


+------------------------------------------------------+
; General Register Statistics                          ;
+----------------------------------------------+-------+
; Statistic                                    ; Value ;
+----------------------------------------------+-------+
; Total registers                              ; 0     ;
; Number of registers using Synchronous Clear  ; 0     ;
; Number of registers using Synchronous Load   ; 0     ;
; Number of registers using Asynchronous Clear ; 0     ;
; Number of registers using Asynchronous Load  ; 0     ;
; Number of registers using Clock Enable       ; 0     ;
; Number of registers using Preset             ; 0     ;
+----------------------------------------------+-------+


+------------------------------------------------------------------------------------------------------------------------------------------------------------+
; Multiplexer Restructuring Statistics (Restructuring Performed)                                                                                             ;
+--------------------+-----------+---------------+----------------------+------------------------+------------+----------------------------------------------+
; Multiplexer Inputs ; Bus Width ; Baseline Area ; Area if Restructured ; Saving if Restructured ; Registered ; Example Multiplexer Output                   ;
+--------------------+-----------+---------------+----------------------+------------------------+------------+----------------------------------------------+
; 11:1               ; 6 bits    ; 42 LEs        ; 42 LEs               ; 0 LEs                  ; No         ; |unidad_logico_aritmetica|mux1a2:MuxR|out[1] ;
+--------------------+-----------+---------------+----------------------+------------------------+------------+----------------------------------------------+


+------------------------------------------------------------------------------------------+
; Parameter Settings for User Entity Instance: Top-level Entity: |unidad_logico_aritmetica ;
+----------------+-------+-----------------------------------------------------------------+
; Parameter Name ; Value ; Type                                                            ;
+----------------+-------+-----------------------------------------------------------------+
; N              ; 8     ; Signed Integer                                                  ;
+----------------+-------+-----------------------------------------------------------------+
Note: In order to hide this table in the UI and the text report file, please set the "Show Parameter Settings in Synthesis Report" option in "Analysis and Synthesis Settings -> More Settings" to "Off".


+----------------------------------------------------------------+
; Parameter Settings for User Entity Instance: compuerta_and:And ;
+----------------+-------+---------------------------------------+
; Parameter Name ; Value ; Type                                  ;
+----------------+-------+---------------------------------------+
; N              ; 8     ; Signed Integer                        ;
+----------------+-------+---------------------------------------+
Note: In order to hide this table in the UI and the text report file, please set the "Show Parameter Settings in Synthesis Report" option in "Analysis and Synthesis Settings -> More Settings" to "Off".


+--------------------------------------------------------------+
; Parameter Settings for User Entity Instance: compuerta_or:Or ;
+----------------+-------+-------------------------------------+
; Parameter Name ; Value ; Type                                ;
+----------------+-------+-------------------------------------+
; N              ; 8     ; Signed Integer                      ;
+----------------+-------+-------------------------------------+
Note: In order to hide this table in the UI and the text report file, please set the "Show Parameter Settings in Synthesis Report" option in "Analysis and Synthesis Settings -> More Settings" to "Off".


+----------------------------------------------------------------+
; Parameter Settings for User Entity Instance: compuerta_xor:Xor ;
+----------------+-------+---------------------------------------+
; Parameter Name ; Value ; Type                                  ;
+----------------+-------+---------------------------------------+
; N              ; 8     ; Signed Integer                        ;
+----------------+-------+---------------------------------------+
Note: In order to hide this table in the UI and the text report file, please set the "Show Parameter Settings in Synthesis Report" option in "Analysis and Synthesis Settings -> More Settings" to "Off".


+----------------------------------------------------------------+
; Parameter Settings for User Entity Instance: compuerta_not:Not ;
+----------------+-------+---------------------------------------+
; Parameter Name ; Value ; Type                                  ;
+----------------+-------+---------------------------------------+
; N              ; 8     ; Signed Integer                        ;
+----------------+-------+---------------------------------------+
Note: In order to hide this table in the UI and the text report file, please set the "Show Parameter Settings in Synthesis Report" option in "Analysis and Synthesis Settings -> More Settings" to "Off".


+-----------------------------------------------------------------------------+
; Parameter Settings for User Entity Instance: correr_derecha_logico:RAShiftL ;
+----------------+-------+----------------------------------------------------+
; Parameter Name ; Value ; Type                                               ;
+----------------+-------+----------------------------------------------------+
; N              ; 8     ; Signed Integer                                     ;
+----------------+-------+----------------------------------------------------+
Note: In order to hide this table in the UI and the text report file, please set the "Show Parameter Settings in Synthesis Report" option in "Analysis and Synthesis Settings -> More Settings" to "Off".


+-------------------------------------------------------------------------------+
; Parameter Settings for User Entity Instance: correr_izquierda_logico:LAShiftL ;
+----------------+-------+------------------------------------------------------+
; Parameter Name ; Value ; Type                                                 ;
+----------------+-------+------------------------------------------------------+
; N              ; 8     ; Signed Integer                                       ;
+----------------+-------+------------------------------------------------------+
Note: In order to hide this table in the UI and the text report file, please set the "Show Parameter Settings in Synthesis Report" option in "Analysis and Synthesis Settings -> More Settings" to "Off".


+-----------------------------------------------------------------------------+
; Parameter Settings for User Entity Instance: correr_derecha_logico:RBShiftL ;
+----------------+-------+----------------------------------------------------+
; Parameter Name ; Value ; Type                                               ;
+----------------+-------+----------------------------------------------------+
; N              ; 8     ; Signed Integer                                     ;
+----------------+-------+----------------------------------------------------+
Note: In order to hide this table in the UI and the text report file, please set the "Show Parameter Settings in Synthesis Report" option in "Analysis and Synthesis Settings -> More Settings" to "Off".


+-------------------------------------------------------------------------------+
; Parameter Settings for User Entity Instance: correr_izquierda_logico:LBShiftL ;
+----------------+-------+------------------------------------------------------+
; Parameter Name ; Value ; Type                                                 ;
+----------------+-------+------------------------------------------------------+
; N              ; 8     ; Signed Integer                                       ;
+----------------+-------+------------------------------------------------------+
Note: In order to hide this table in the UI and the text report file, please set the "Show Parameter Settings in Synthesis Report" option in "Analysis and Synthesis Settings -> More Settings" to "Off".


+----------------------------------------------------------+
; Parameter Settings for User Entity Instance: mux3a8:MuxL ;
+----------------+-------+---------------------------------+
; Parameter Name ; Value ; Type                            ;
+----------------+-------+---------------------------------+
; N              ; 8     ; Signed Integer                  ;
+----------------+-------+---------------------------------+
Note: In order to hide this table in the UI and the text report file, please set the "Show Parameter Settings in Synthesis Report" option in "Analysis and Synthesis Settings -> More Settings" to "Off".


+----------------------------------------------------------+
; Parameter Settings for User Entity Instance: sumador:Add ;
+----------------+-------+---------------------------------+
; Parameter Name ; Value ; Type                            ;
+----------------+-------+---------------------------------+
; N              ; 8     ; Signed Integer                  ;
+----------------+-------+---------------------------------+
Note: In order to hide this table in the UI and the text report file, please set the "Show Parameter Settings in Synthesis Report" option in "Analysis and Synthesis Settings -> More Settings" to "Off".


+-------------------------------------------------------------+
; Parameter Settings for User Entity Instance: restador:Minus ;
+----------------+-------+------------------------------------+
; Parameter Name ; Value ; Type                               ;
+----------------+-------+------------------------------------+
; N              ; 8     ; Signed Integer                     ;
+----------------+-------+------------------------------------+
Note: In order to hide this table in the UI and the text report file, please set the "Show Parameter Settings in Synthesis Report" option in "Analysis and Synthesis Settings -> More Settings" to "Off".


+---------------------------------------------------------------------------------+
; Parameter Settings for User Entity Instance: correr_derecha_aritmetico:RAShiftA ;
+----------------+-------+--------------------------------------------------------+
; Parameter Name ; Value ; Type                                                   ;
+----------------+-------+--------------------------------------------------------+
; N              ; 8     ; Signed Integer                                         ;
+----------------+-------+--------------------------------------------------------+
Note: In order to hide this table in the UI and the text report file, please set the "Show Parameter Settings in Synthesis Report" option in "Analysis and Synthesis Settings -> More Settings" to "Off".


+-----------------------------------------------------------------------------------+
; Parameter Settings for User Entity Instance: correr_izquierda_aritmetico:LAShiftA ;
+----------------+-------+----------------------------------------------------------+
; Parameter Name ; Value ; Type                                                     ;
+----------------+-------+----------------------------------------------------------+
; N              ; 8     ; Signed Integer                                           ;
+----------------+-------+----------------------------------------------------------+
Note: In order to hide this table in the UI and the text report file, please set the "Show Parameter Settings in Synthesis Report" option in "Analysis and Synthesis Settings -> More Settings" to "Off".


+---------------------------------------------------------------------------------+
; Parameter Settings for User Entity Instance: correr_derecha_aritmetico:RBShiftA ;
+----------------+-------+--------------------------------------------------------+
; Parameter Name ; Value ; Type                                                   ;
+----------------+-------+--------------------------------------------------------+
; N              ; 8     ; Signed Integer                                         ;
+----------------+-------+--------------------------------------------------------+
Note: In order to hide this table in the UI and the text report file, please set the "Show Parameter Settings in Synthesis Report" option in "Analysis and Synthesis Settings -> More Settings" to "Off".


+-----------------------------------------------------------------------------------+
; Parameter Settings for User Entity Instance: correr_izquierda_aritmetico:LBShiftA ;
+----------------+-------+----------------------------------------------------------+
; Parameter Name ; Value ; Type                                                     ;
+----------------+-------+----------------------------------------------------------+
; N              ; 8     ; Signed Integer                                           ;
+----------------+-------+----------------------------------------------------------+
Note: In order to hide this table in the UI and the text report file, please set the "Show Parameter Settings in Synthesis Report" option in "Analysis and Synthesis Settings -> More Settings" to "Off".


+----------------------------------------------------------+
; Parameter Settings for User Entity Instance: mux3a8:MuxA ;
+----------------+-------+---------------------------------+
; Parameter Name ; Value ; Type                            ;
+----------------+-------+---------------------------------+
; N              ; 8     ; Signed Integer                  ;
+----------------+-------+---------------------------------+
Note: In order to hide this table in the UI and the text report file, please set the "Show Parameter Settings in Synthesis Report" option in "Analysis and Synthesis Settings -> More Settings" to "Off".


+----------------------------------------------------------+
; Parameter Settings for User Entity Instance: mux1a2:MuxR ;
+----------------+-------+---------------------------------+
; Parameter Name ; Value ; Type                            ;
+----------------+-------+---------------------------------+
; N              ; 8     ; Signed Integer                  ;
+----------------+-------+---------------------------------+
Note: In order to hide this table in the UI and the text report file, please set the "Show Parameter Settings in Synthesis Report" option in "Analysis and Synthesis Settings -> More Settings" to "Off".


+----------------------------------------------------------------------+
; Parameter Settings for User Entity Instance: flag_negativo:Fnegativo ;
+----------------+-------+---------------------------------------------+
; Parameter Name ; Value ; Type                                        ;
+----------------+-------+---------------------------------------------+
; N              ; 8     ; Signed Integer                              ;
+----------------+-------+---------------------------------------------+
Note: In order to hide this table in the UI and the text report file, please set the "Show Parameter Settings in Synthesis Report" option in "Analysis and Synthesis Settings -> More Settings" to "Off".


+--------------------------------------------------------------+
; Parameter Settings for User Entity Instance: flag_cero:FCero ;
+----------------+-------+-------------------------------------+
; Parameter Name ; Value ; Type                                ;
+----------------+-------+-------------------------------------+
; N              ; 8     ; Signed Integer                      ;
+----------------+-------+-------------------------------------+
Note: In order to hide this table in the UI and the text report file, please set the "Show Parameter Settings in Synthesis Report" option in "Analysis and Synthesis Settings -> More Settings" to "Off".


+----------------------------------------------------------------------+
; Parameter Settings for User Entity Instance: flag_overflow:FOverflow ;
+----------------+-------+---------------------------------------------+
; Parameter Name ; Value ; Type                                        ;
+----------------+-------+---------------------------------------------+
; N              ; 8     ; Signed Integer                              ;
+----------------+-------+---------------------------------------------+
Note: In order to hide this table in the UI and the text report file, please set the "Show Parameter Settings in Synthesis Report" option in "Analysis and Synthesis Settings -> More Settings" to "Off".


+----------------------------------------------------------------+
; Parameter Settings for User Entity Instance: flag_carry:FCarry ;
+----------------+-------+---------------------------------------+
; Parameter Name ; Value ; Type                                  ;
+----------------+-------+---------------------------------------+
; N              ; 8     ; Signed Integer                        ;
+----------------+-------+---------------------------------------+
Note: In order to hide this table in the UI and the text report file, please set the "Show Parameter Settings in Synthesis Report" option in "Analysis and Synthesis Settings -> More Settings" to "Off".


+------------------------------------------------------------------------------------------------------------------------------------------------------------------------------+
; Port Connectivity Checks: "mux3a8:MuxA"                                                                                                                                      ;
+---------+-------+----------+-------------------------------------------------------------------------------------------------------------------------------------------------+
; Port    ; Type  ; Severity ; Details                                                                                                                                         ;
+---------+-------+----------+-------------------------------------------------------------------------------------------------------------------------------------------------+
; result7 ; Input ; Warning  ; Input port expression (1 bits) is smaller than the input port (8 bits) it drives.  Extra input bit(s) "result7[7..1]" will be connected to GND. ;
; result8 ; Input ; Warning  ; Input port expression (1 bits) is smaller than the input port (8 bits) it drives.  Extra input bit(s) "result8[7..1]" will be connected to GND. ;
+---------+-------+----------+-------------------------------------------------------------------------------------------------------------------------------------------------+


+-----------------------------------------+
; Port Connectivity Checks: "sumador:Add" ;
+------+-------+----------+---------------+
; Port ; Type  ; Severity ; Details       ;
+------+-------+----------+---------------+
; cin  ; Input ; Info     ; Stuck at GND  ;
+------+-------+----------+---------------+


+-----------------------------------------------------+
; Post-Synthesis Netlist Statistics for Top Partition ;
+-----------------------+-----------------------------+
; Type                  ; Count                       ;
+-----------------------+-----------------------------+
; arriav_lcell_comb     ; 73                          ;
;     extend            ; 2                           ;
;         7 data inputs ; 2                           ;
;     normal            ; 53                          ;
;         2 data inputs ; 2                           ;
;         3 data inputs ; 16                          ;
;         4 data inputs ; 16                          ;
;         5 data inputs ; 8                           ;
;         6 data inputs ; 11                          ;
;     shared            ; 18                          ;
;         0 data inputs ; 2                           ;
;         2 data inputs ; 16                          ;
; boundary_port         ; 32                          ;
;                       ;                             ;
; Max LUT depth         ; 4.70                        ;
; Average LUT depth     ; 4.09                        ;
+-----------------------+-----------------------------+


+-------------------------------+
; Elapsed Time Per Partition    ;
+----------------+--------------+
; Partition Name ; Elapsed Time ;
+----------------+--------------+
; Top            ; 00:00:00     ;
+----------------+--------------+


+-------------------------------+
; Analysis & Synthesis Messages ;
+-------------------------------+
Info: *******************************************************************
Info: Running Quartus Prime Analysis & Synthesis
    Info: Version 19.1.0 Build 670 09/22/2019 SJ Lite Edition
    Info: Processing started: Thu Apr 30 10:56:38 2020
Info: Command: quartus_map --read_settings_files=on --write_settings_files=off ALU -c ALU
Warning (18236): Number of processors has not been specified which may cause overloading on shared machines.  Set the global assignment NUM_PARALLEL_PROCESSORS in your QSF to an appropriate value for best performance.
Info (20030): Parallel compilation is enabled and will use 6 of the 6 processors detected
Info (12021): Found 1 design units, including 1 entities, in source file operacioneslogicas/compuerta_and.sv
    Info (12023): Found entity 1: compuerta_and File: C:/Users/skryf/Documents/Taller de Diseno Digital/Laboratorio 3/TallerDiseno-LAB3/ALU/OperacionesLogicas/compuerta_and.sv Line: 3
Info (12021): Found 1 design units, including 1 entities, in source file operacioneslogicas/compuerta_not.sv
    Info (12023): Found entity 1: compuerta_not File: C:/Users/skryf/Documents/Taller de Diseno Digital/Laboratorio 3/TallerDiseno-LAB3/ALU/OperacionesLogicas/compuerta_not.sv Line: 1
Info (12021): Found 1 design units, including 1 entities, in source file operacioneslogicas/compuerta_or.sv
    Info (12023): Found entity 1: compuerta_or File: C:/Users/skryf/Documents/Taller de Diseno Digital/Laboratorio 3/TallerDiseno-LAB3/ALU/OperacionesLogicas/compuerta_or.sv Line: 1
Info (12021): Found 1 design units, including 1 entities, in source file operacioneslogicas/compuerta_xor.sv
    Info (12023): Found entity 1: compuerta_xor File: C:/Users/skryf/Documents/Taller de Diseno Digital/Laboratorio 3/TallerDiseno-LAB3/ALU/OperacionesLogicas/compuerta_xor.sv Line: 1
Info (12021): Found 1 design units, including 1 entities, in source file unidad/unidad_logico_aritmetica.sv
    Info (12023): Found entity 1: unidad_logico_aritmetica File: C:/Users/skryf/Documents/Taller de Diseno Digital/Laboratorio 3/TallerDiseno-LAB3/ALU/Unidad/unidad_logico_aritmetica.sv Line: 1
Info (12021): Found 1 design units, including 1 entities, in source file unidad/unidad_logico_aritmetica_test.sv
    Info (12023): Found entity 1: unidad_logico_aritmetica_test File: C:/Users/skryf/Documents/Taller de Diseno Digital/Laboratorio 3/TallerDiseno-LAB3/ALU/Unidad/unidad_logico_aritmetica_test.sv Line: 1
Info (12021): Found 1 design units, including 1 entities, in source file operacionesaritmeticas/restador.sv
    Info (12023): Found entity 1: restador File: C:/Users/skryf/Documents/Taller de Diseno Digital/Laboratorio 3/TallerDiseno-LAB3/ALU/OperacionesAritmeticas/restador.sv Line: 1
Info (12021): Found 1 design units, including 1 entities, in source file operacionesaritmeticas/sumador.sv
    Info (12023): Found entity 1: sumador File: C:/Users/skryf/Documents/Taller de Diseno Digital/Laboratorio 3/TallerDiseno-LAB3/ALU/OperacionesAritmeticas/sumador.sv Line: 1
Info (12021): Found 1 design units, including 1 entities, in source file operacioneslogicas/correr_derecha_logico.sv
    Info (12023): Found entity 1: correr_derecha_logico File: C:/Users/skryf/Documents/Taller de Diseno Digital/Laboratorio 3/TallerDiseno-LAB3/ALU/OperacionesLogicas/correr_derecha_logico.sv Line: 1
Info (12021): Found 1 design units, including 1 entities, in source file operacioneslogicas/correr_izquierda_logico.sv
    Info (12023): Found entity 1: correr_izquierda_logico File: C:/Users/skryf/Documents/Taller de Diseno Digital/Laboratorio 3/TallerDiseno-LAB3/ALU/OperacionesLogicas/correr_izquierda_logico.sv Line: 1
Info (12021): Found 1 design units, including 1 entities, in source file unidad/mux3a8.sv
    Info (12023): Found entity 1: mux3a8 File: C:/Users/skryf/Documents/Taller de Diseno Digital/Laboratorio 3/TallerDiseno-LAB3/ALU/Unidad/mux3a8.sv Line: 1
Info (12021): Found 1 design units, including 1 entities, in source file unidad/mux3a8_test.sv
    Info (12023): Found entity 1: mux3a8_test File: C:/Users/skryf/Documents/Taller de Diseno Digital/Laboratorio 3/TallerDiseno-LAB3/ALU/Unidad/mux3a8_test.sv Line: 1
Info (12021): Found 1 design units, including 1 entities, in source file unidad/mux1a2.sv
    Info (12023): Found entity 1: mux1a2 File: C:/Users/skryf/Documents/Taller de Diseno Digital/Laboratorio 3/TallerDiseno-LAB3/ALU/Unidad/mux1a2.sv Line: 1
Info (12021): Found 1 design units, including 1 entities, in source file operacionesaritmeticas/correr_derecha_aritmetico.sv
    Info (12023): Found entity 1: correr_derecha_aritmetico File: C:/Users/skryf/Documents/Taller de Diseno Digital/Laboratorio 3/TallerDiseno-LAB3/ALU/OperacionesAritmeticas/correr_derecha_aritmetico.sv Line: 1
Info (12021): Found 1 design units, including 1 entities, in source file operacionesaritmeticas/correr_derecha_aritmetico_test.sv
    Info (12023): Found entity 1: correr_derecha_aritmetico_test File: C:/Users/skryf/Documents/Taller de Diseno Digital/Laboratorio 3/TallerDiseno-LAB3/ALU/OperacionesAritmeticas/correr_derecha_aritmetico_test.sv Line: 1
Info (12021): Found 1 design units, including 1 entities, in source file operacionesaritmeticas/correr_izquierda_aritmetico.sv
    Info (12023): Found entity 1: correr_izquierda_aritmetico File: C:/Users/skryf/Documents/Taller de Diseno Digital/Laboratorio 3/TallerDiseno-LAB3/ALU/OperacionesAritmeticas/correr_izquierda_aritmetico.sv Line: 1
Info (12021): Found 1 design units, including 1 entities, in source file unidadflags/flag_negativo.sv
    Info (12023): Found entity 1: flag_negativo File: C:/Users/skryf/Documents/Taller de Diseno Digital/Laboratorio 3/TallerDiseno-LAB3/ALU/UnidadFlags/flag_negativo.sv Line: 1
Info (12021): Found 1 design units, including 1 entities, in source file unidadflags/flag_overflow.sv
    Info (12023): Found entity 1: flag_overflow File: C:/Users/skryf/Documents/Taller de Diseno Digital/Laboratorio 3/TallerDiseno-LAB3/ALU/UnidadFlags/flag_overflow.sv Line: 1
Info (12021): Found 1 design units, including 1 entities, in source file unidadflags/overflow_flag_test.sv
    Info (12023): Found entity 1: overflow_flag_test File: C:/Users/skryf/Documents/Taller de Diseno Digital/Laboratorio 3/TallerDiseno-LAB3/ALU/UnidadFlags/overflow_flag_test.sv Line: 1
Info (12021): Found 1 design units, including 1 entities, in source file unidadflags/flag_carry.sv
    Info (12023): Found entity 1: flag_carry File: C:/Users/skryf/Documents/Taller de Diseno Digital/Laboratorio 3/TallerDiseno-LAB3/ALU/UnidadFlags/flag_carry.sv Line: 1
Info (12021): Found 1 design units, including 1 entities, in source file unidadflags/flag_cero.sv
    Info (12023): Found entity 1: flag_cero File: C:/Users/skryf/Documents/Taller de Diseno Digital/Laboratorio 3/TallerDiseno-LAB3/ALU/UnidadFlags/flag_cero.sv Line: 1
Info (12021): Found 1 design units, including 1 entities, in source file registro/register.sv
    Info (12023): Found entity 1: register File: C:/Users/skryf/Documents/Taller de Diseno Digital/Laboratorio 3/TallerDiseno-LAB3/ALU/Registro/register.sv Line: 1
Info (12021): Found 1 design units, including 1 entities, in source file registro/frecuencia_tb.sv
    Info (12023): Found entity 1: frecuencia_tb File: C:/Users/skryf/Documents/Taller de Diseno Digital/Laboratorio 3/TallerDiseno-LAB3/ALU/Registro/frecuencia_tb.sv Line: 1
Info (12127): Elaborating entity "unidad_logico_aritmetica" for the top level hierarchy
Info (12128): Elaborating entity "compuerta_and" for hierarchy "compuerta_and:And" File: C:/Users/skryf/Documents/Taller de Diseno Digital/Laboratorio 3/TallerDiseno-LAB3/ALU/Unidad/unidad_logico_aritmetica.sv Line: 19
Info (12128): Elaborating entity "compuerta_or" for hierarchy "compuerta_or:Or" File: C:/Users/skryf/Documents/Taller de Diseno Digital/Laboratorio 3/TallerDiseno-LAB3/ALU/Unidad/unidad_logico_aritmetica.sv Line: 20
Info (12128): Elaborating entity "compuerta_xor" for hierarchy "compuerta_xor:Xor" File: C:/Users/skryf/Documents/Taller de Diseno Digital/Laboratorio 3/TallerDiseno-LAB3/ALU/Unidad/unidad_logico_aritmetica.sv Line: 21
Info (12128): Elaborating entity "compuerta_not" for hierarchy "compuerta_not:Not" File: C:/Users/skryf/Documents/Taller de Diseno Digital/Laboratorio 3/TallerDiseno-LAB3/ALU/Unidad/unidad_logico_aritmetica.sv Line: 22
Info (12128): Elaborating entity "correr_derecha_logico" for hierarchy "correr_derecha_logico:RAShiftL" File: C:/Users/skryf/Documents/Taller de Diseno Digital/Laboratorio 3/TallerDiseno-LAB3/ALU/Unidad/unidad_logico_aritmetica.sv Line: 24
Info (12128): Elaborating entity "correr_izquierda_logico" for hierarchy "correr_izquierda_logico:LAShiftL" File: C:/Users/skryf/Documents/Taller de Diseno Digital/Laboratorio 3/TallerDiseno-LAB3/ALU/Unidad/unidad_logico_aritmetica.sv Line: 25
Info (12128): Elaborating entity "mux3a8" for hierarchy "mux3a8:MuxL" File: C:/Users/skryf/Documents/Taller de Diseno Digital/Laboratorio 3/TallerDiseno-LAB3/ALU/Unidad/unidad_logico_aritmetica.sv Line: 30
Info (12128): Elaborating entity "sumador" for hierarchy "sumador:Add" File: C:/Users/skryf/Documents/Taller de Diseno Digital/Laboratorio 3/TallerDiseno-LAB3/ALU/Unidad/unidad_logico_aritmetica.sv Line: 32
Info (12128): Elaborating entity "restador" for hierarchy "restador:Minus" File: C:/Users/skryf/Documents/Taller de Diseno Digital/Laboratorio 3/TallerDiseno-LAB3/ALU/Unidad/unidad_logico_aritmetica.sv Line: 33
Info (12128): Elaborating entity "correr_derecha_aritmetico" for hierarchy "correr_derecha_aritmetico:RAShiftA" File: C:/Users/skryf/Documents/Taller de Diseno Digital/Laboratorio 3/TallerDiseno-LAB3/ALU/Unidad/unidad_logico_aritmetica.sv Line: 35
Info (12128): Elaborating entity "correr_izquierda_aritmetico" for hierarchy "correr_izquierda_aritmetico:LAShiftA" File: C:/Users/skryf/Documents/Taller de Diseno Digital/Laboratorio 3/TallerDiseno-LAB3/ALU/Unidad/unidad_logico_aritmetica.sv Line: 36
Info (12128): Elaborating entity "mux1a2" for hierarchy "mux1a2:MuxR" File: C:/Users/skryf/Documents/Taller de Diseno Digital/Laboratorio 3/TallerDiseno-LAB3/ALU/Unidad/unidad_logico_aritmetica.sv Line: 43
Info (12128): Elaborating entity "flag_negativo" for hierarchy "flag_negativo:Fnegativo" File: C:/Users/skryf/Documents/Taller de Diseno Digital/Laboratorio 3/TallerDiseno-LAB3/ALU/Unidad/unidad_logico_aritmetica.sv Line: 45
Info (12128): Elaborating entity "flag_cero" for hierarchy "flag_cero:FCero" File: C:/Users/skryf/Documents/Taller de Diseno Digital/Laboratorio 3/TallerDiseno-LAB3/ALU/Unidad/unidad_logico_aritmetica.sv Line: 46
Info (12128): Elaborating entity "flag_overflow" for hierarchy "flag_overflow:FOverflow" File: C:/Users/skryf/Documents/Taller de Diseno Digital/Laboratorio 3/TallerDiseno-LAB3/ALU/Unidad/unidad_logico_aritmetica.sv Line: 47
Info (12128): Elaborating entity "flag_carry" for hierarchy "flag_carry:FCarry" File: C:/Users/skryf/Documents/Taller de Diseno Digital/Laboratorio 3/TallerDiseno-LAB3/ALU/Unidad/unidad_logico_aritmetica.sv Line: 48
Warning (13046): Tri-state node(s) do not directly drive top-level pin(s)
    Warning (13049): Converted tri-state buffer "comb~synth" feeding internal logic into a wire
    Warning (13049): Converted tri-state buffer "comb~synth" feeding internal logic into a wire
Warning (12241): 1 hierarchies have connectivity warnings - see the Connectivity Checks report folder
Info (286030): Timing-Driven Synthesis is running
Info (16010): Generating hard_block partition "hard_block:auto_generated_inst"
    Info (16011): Adding 0 node(s), including 0 DDIO, 0 PLL, 0 transceiver and 0 LCELL
Info (21057): Implemented 105 device resources after synthesis - the final resource count might be different
    Info (21058): Implemented 20 input pins
    Info (21059): Implemented 12 output pins
    Info (21061): Implemented 73 logic cells
Info: Quartus Prime Analysis & Synthesis was successful. 0 errors, 5 warnings
    Info: Peak virtual memory: 4832 megabytes
    Info: Processing ended: Thu Apr 30 10:56:45 2020
    Info: Elapsed time: 00:00:07
    Info: Total CPU time (on all processors): 00:00:16


